<?xml version="1.0" encoding="UTF-8"?>
<testsuite xmlns:xsi="http://www.w3.org/2001/XMLSchema-instance" xsi:noNamespaceSchemaLocation="https://maven.apache.org/surefire/maven-surefire-plugin/xsd/surefire-test-report-3.0.xsd" version="3.0" name="com.assecor.assessment.controller.PersonControllerTest" time="1.956" tests="6" errors="0" skipped="0" failures="0">
  <properties>
    <property name="java.specification.version" value="17"/>
    <property name="sun.jnu.encoding" value="UTF-8"/>
    <property name="java.class.path" value="/Users/shubhamtunwal/Documents/Projects/Assecor/target/test-classes:/Users/shubhamtunwal/Documents/Projects/Assecor/target/classes:/Users/shubhamtunwal/.m2/repository/org/springframework/boot/spring-boot-starter-web/3.2.0/spring-boot-starter-web-3.2.0.jar:/Users/shubhamtunwal/.m2/repository/org/springframework/boot/spring-boot-starter/3.2.0/spring-boot-starter-3.2.0.jar:/Users/shubhamtunwal/.m2/repository/org/springframework/boot/spring-boot/3.2.0/spring-boot-3.2.0.jar:/Users/shubhamtunwal/.m2/repository/org/springframework/boot/spring-boot-autoconfigure/3.2.0/spring-boot-autoconfigure-3.2.0.jar:/Users/shubhamtunwal/.m2/repository/org/springframework/boot/spring-boot-starter-logging/3.2.0/spring-boot-starter-logging-3.2.0.jar:/Users/shubhamtunwal/.m2/repository/ch/qos/logback/logback-classic/1.4.11/logback-classic-1.4.11.jar:/Users/shubhamtunwal/.m2/repository/ch/qos/logback/logback-core/1.4.11/logback-core-1.4.11.jar:/Users/shubhamtunwal/.m2/repository/org/apache/logging/log4j/log4j-to-slf4j/2.21.1/log4j-to-slf4j-2.21.1.jar:/Users/shubhamtunwal/.m2/repository/org/apache/logging/log4j/log4j-api/2.21.1/log4j-api-2.21.1.jar:/Users/shubhamtunwal/.m2/repository/org/slf4j/jul-to-slf4j/2.0.9/jul-to-slf4j-2.0.9.jar:/Users/shubhamtunwal/.m2/repository/jakarta/annotation/jakarta.annotation-api/2.1.1/jakarta.annotation-api-2.1.1.jar:/Users/shubhamtunwal/.m2/repository/org/yaml/snakeyaml/2.2/snakeyaml-2.2.jar:/Users/shubhamtunwal/.m2/repository/org/springframework/boot/spring-boot-starter-json/3.2.0/spring-boot-starter-json-3.2.0.jar:/Users/shubhamtunwal/.m2/repository/com/fasterxml/jackson/core/jackson-databind/2.15.3/jackson-databind-2.15.3.jar:/Users/shubhamtunwal/.m2/repository/com/fasterxml/jackson/core/jackson-annotations/2.15.3/jackson-annotations-2.15.3.jar:/Users/shubhamtunwal/.m2/repository/com/fasterxml/jackson/core/jackson-core/2.15.3/jackson-core-2.15.3.jar:/Users/shubhamtunwal/.m2/repository/com/fasterxml/jackson/datatype/jackson-datatype-jdk8/2.15.3/jackson-datatype-jdk8-2.15.3.jar:/Users/shubhamtunwal/.m2/repository/com/fasterxml/jackson/datatype/jackson-datatype-jsr310/2.15.3/jackson-datatype-jsr310-2.15.3.jar:/Users/shubhamtunwal/.m2/repository/com/fasterxml/jackson/module/jackson-module-parameter-names/2.15.3/jackson-module-parameter-names-2.15.3.jar:/Users/shubhamtunwal/.m2/repository/org/springframework/boot/spring-boot-starter-tomcat/3.2.0/spring-boot-starter-tomcat-3.2.0.jar:/Users/shubhamtunwal/.m2/repository/org/apache/tomcat/embed/tomcat-embed-core/10.1.16/tomcat-embed-core-10.1.16.jar:/Users/shubhamtunwal/.m2/repository/org/apache/tomcat/embed/tomcat-embed-el/10.1.16/tomcat-embed-el-10.1.16.jar:/Users/shubhamtunwal/.m2/repository/org/apache/tomcat/embed/tomcat-embed-websocket/10.1.16/tomcat-embed-websocket-10.1.16.jar:/Users/shubhamtunwal/.m2/repository/org/springframework/spring-web/6.1.1/spring-web-6.1.1.jar:/Users/shubhamtunwal/.m2/repository/org/springframework/spring-beans/6.1.1/spring-beans-6.1.1.jar:/Users/shubhamtunwal/.m2/repository/io/micrometer/micrometer-observation/1.12.0/micrometer-observation-1.12.0.jar:/Users/shubhamtunwal/.m2/repository/io/micrometer/micrometer-commons/1.12.0/micrometer-commons-1.12.0.jar:/Users/shubhamtunwal/.m2/repository/org/springframework/spring-webmvc/6.1.1/spring-webmvc-6.1.1.jar:/Users/shubhamtunwal/.m2/repository/org/springframework/spring-aop/6.1.1/spring-aop-6.1.1.jar:/Users/shubhamtunwal/.m2/repository/org/springframework/spring-context/6.1.1/spring-context-6.1.1.jar:/Users/shubhamtunwal/.m2/repository/org/springframework/spring-expression/6.1.1/spring-expression-6.1.1.jar:/Users/shubhamtunwal/.m2/repository/org/springframework/boot/spring-boot-starter-test/3.2.0/spring-boot-starter-test-3.2.0.jar:/Users/shubhamtunwal/.m2/repository/org/springframework/boot/spring-boot-test/3.2.0/spring-boot-test-3.2.0.jar:/Users/shubhamtunwal/.m2/repository/org/springframework/boot/spring-boot-test-autoconfigure/3.2.0/spring-boot-test-autoconfigure-3.2.0.jar:/Users/shubhamtunwal/.m2/repository/com/jayway/jsonpath/json-path/2.8.0/json-path-2.8.0.jar:/Users/shubhamtunwal/.m2/repository/org/slf4j/slf4j-api/2.0.9/slf4j-api-2.0.9.jar:/Users/shubhamtunwal/.m2/repository/jakarta/xml/bind/jakarta.xml.bind-api/4.0.1/jakarta.xml.bind-api-4.0.1.jar:/Users/shubhamtunwal/.m2/repository/jakarta/activation/jakarta.activation-api/2.1.2/jakarta.activation-api-2.1.2.jar:/Users/shubhamtunwal/.m2/repository/net/minidev/json-smart/2.5.0/json-smart-2.5.0.jar:/Users/shubhamtunwal/.m2/repository/net/minidev/accessors-smart/2.5.0/accessors-smart-2.5.0.jar:/Users/shubhamtunwal/.m2/repository/org/ow2/asm/asm/9.3/asm-9.3.jar:/Users/shubhamtunwal/.m2/repository/org/assertj/assertj-core/3.24.2/assertj-core-3.24.2.jar:/Users/shubhamtunwal/.m2/repository/net/bytebuddy/byte-buddy/1.14.10/byte-buddy-1.14.10.jar:/Users/shubhamtunwal/.m2/repository/org/awaitility/awaitility/4.2.0/awaitility-4.2.0.jar:/Users/shubhamtunwal/.m2/repository/org/hamcrest/hamcrest/2.2/hamcrest-2.2.jar:/Users/shubhamtunwal/.m2/repository/org/junit/jupiter/junit-jupiter/5.10.1/junit-jupiter-5.10.1.jar:/Users/shubhamtunwal/.m2/repository/org/junit/jupiter/junit-jupiter-api/5.10.1/junit-jupiter-api-5.10.1.jar:/Users/shubhamtunwal/.m2/repository/org/opentest4j/opentest4j/1.3.0/opentest4j-1.3.0.jar:/Users/shubhamtunwal/.m2/repository/org/junit/platform/junit-platform-commons/1.10.1/junit-platform-commons-1.10.1.jar:/Users/shubhamtunwal/.m2/repository/org/apiguardian/apiguardian-api/1.1.2/apiguardian-api-1.1.2.jar:/Users/shubhamtunwal/.m2/repository/org/junit/jupiter/junit-jupiter-params/5.10.1/junit-jupiter-params-5.10.1.jar:/Users/shubhamtunwal/.m2/repository/org/junit/jupiter/junit-jupiter-engine/5.10.1/junit-jupiter-engine-5.10.1.jar:/Users/shubhamtunwal/.m2/repository/org/junit/platform/junit-platform-engine/1.10.1/junit-platform-engine-1.10.1.jar:/Users/shubhamtunwal/.m2/repository/org/mockito/mockito-core/5.7.0/mockito-core-5.7.0.jar:/Users/shubhamtunwal/.m2/repository/net/bytebuddy/byte-buddy-agent/1.14.10/byte-buddy-agent-1.14.10.jar:/Users/shubhamtunwal/.m2/repository/org/objenesis/objenesis/3.3/objenesis-3.3.jar:/Users/shubhamtunwal/.m2/repository/org/mockito/mockito-junit-jupiter/5.7.0/mockito-junit-jupiter-5.7.0.jar:/Users/shubhamtunwal/.m2/repository/org/skyscreamer/jsonassert/1.5.1/jsonassert-1.5.1.jar:/Users/shubhamtunwal/.m2/repository/com/vaadin/external/google/android-json/0.0.20131108.vaadin1/android-json-0.0.20131108.vaadin1.jar:/Users/shubhamtunwal/.m2/repository/org/springframework/spring-core/6.1.1/spring-core-6.1.1.jar:/Users/shubhamtunwal/.m2/repository/org/springframework/spring-jcl/6.1.1/spring-jcl-6.1.1.jar:/Users/shubhamtunwal/.m2/repository/org/springframework/spring-test/6.1.1/spring-test-6.1.1.jar:/Users/shubhamtunwal/.m2/repository/org/xmlunit/xmlunit-core/2.9.1/xmlunit-core-2.9.1.jar:/Users/shubhamtunwal/.m2/repository/com/opencsv/opencsv/5.9/opencsv-5.9.jar:/Users/shubhamtunwal/.m2/repository/org/apache/commons/commons-lang3/3.13.0/commons-lang3-3.13.0.jar:/Users/shubhamtunwal/.m2/repository/org/apache/commons/commons-text/1.11.0/commons-text-1.11.0.jar:/Users/shubhamtunwal/.m2/repository/commons-beanutils/commons-beanutils/1.9.4/commons-beanutils-1.9.4.jar:/Users/shubhamtunwal/.m2/repository/commons-logging/commons-logging/1.2/commons-logging-1.2.jar:/Users/shubhamtunwal/.m2/repository/commons-collections/commons-collections/3.2.2/commons-collections-3.2.2.jar:/Users/shubhamtunwal/.m2/repository/org/apache/commons/commons-collections4/4.4/commons-collections4-4.4.jar:"/>
    <property name="java.vm.vendor" value="Eclipse Adoptium"/>
    <property name="sun.arch.data.model" value="64"/>
    <property name="catalina.useNaming" value="false"/>
    <property name="java.vendor.url" value="https://adoptium.net/"/>
    <property name="user.timezone" value="Europe/Berlin"/>
    <property name="os.name" value="Mac OS X"/>
    <property name="java.vm.specification.version" value="17"/>
    <property name="sun.java.launcher" value="SUN_STANDARD"/>
    <property name="user.country" value="IN"/>
    <property name="sun.boot.library.path" value="/Users/shubhamtunwal/.sdkman/candidates/java/17.0.11-tem/lib"/>
    <property name="sun.java.command" value="/Users/shubhamtunwal/Documents/Projects/Assecor/target/surefire/surefirebooter-20250927220859057_3.jar /Users/shubhamtunwal/Documents/Projects/Assecor/target/surefire 2025-09-27T22-08-58_806-jvmRun1 surefire-20250927220859057_1tmp surefire_0-20250927220859057_2tmp"/>
    <property name="http.nonProxyHosts" value="local|*.local|169.254/16|*.169.254/16"/>
    <property name="jdk.debug" value="release"/>
    <property name="surefire.test.class.path" value="/Users/shubhamtunwal/Documents/Projects/Assecor/target/test-classes:/Users/shubhamtunwal/Documents/Projects/Assecor/target/classes:/Users/shubhamtunwal/.m2/repository/org/springframework/boot/spring-boot-starter-web/3.2.0/spring-boot-starter-web-3.2.0.jar:/Users/shubhamtunwal/.m2/repository/org/springframework/boot/spring-boot-starter/3.2.0/spring-boot-starter-3.2.0.jar:/Users/shubhamtunwal/.m2/repository/org/springframework/boot/spring-boot/3.2.0/spring-boot-3.2.0.jar:/Users/shubhamtunwal/.m2/repository/org/springframework/boot/spring-boot-autoconfigure/3.2.0/spring-boot-autoconfigure-3.2.0.jar:/Users/shubhamtunwal/.m2/repository/org/springframework/boot/spring-boot-starter-logging/3.2.0/spring-boot-starter-logging-3.2.0.jar:/Users/shubhamtunwal/.m2/repository/ch/qos/logback/logback-classic/1.4.11/logback-classic-1.4.11.jar:/Users/shubhamtunwal/.m2/repository/ch/qos/logback/logback-core/1.4.11/logback-core-1.4.11.jar:/Users/shubhamtunwal/.m2/repository/org/apache/logging/log4j/log4j-to-slf4j/2.21.1/log4j-to-slf4j-2.21.1.jar:/Users/shubhamtunwal/.m2/repository/org/apache/logging/log4j/log4j-api/2.21.1/log4j-api-2.21.1.jar:/Users/shubhamtunwal/.m2/repository/org/slf4j/jul-to-slf4j/2.0.9/jul-to-slf4j-2.0.9.jar:/Users/shubhamtunwal/.m2/repository/jakarta/annotation/jakarta.annotation-api/2.1.1/jakarta.annotation-api-2.1.1.jar:/Users/shubhamtunwal/.m2/repository/org/yaml/snakeyaml/2.2/snakeyaml-2.2.jar:/Users/shubhamtunwal/.m2/repository/org/springframework/boot/spring-boot-starter-json/3.2.0/spring-boot-starter-json-3.2.0.jar:/Users/shubhamtunwal/.m2/repository/com/fasterxml/jackson/core/jackson-databind/2.15.3/jackson-databind-2.15.3.jar:/Users/shubhamtunwal/.m2/repository/com/fasterxml/jackson/core/jackson-annotations/2.15.3/jackson-annotations-2.15.3.jar:/Users/shubhamtunwal/.m2/repository/com/fasterxml/jackson/core/jackson-core/2.15.3/jackson-core-2.15.3.jar:/Users/shubhamtunwal/.m2/repository/com/fasterxml/jackson/datatype/jackson-datatype-jdk8/2.15.3/jackson-datatype-jdk8-2.15.3.jar:/Users/shubhamtunwal/.m2/repository/com/fasterxml/jackson/datatype/jackson-datatype-jsr310/2.15.3/jackson-datatype-jsr310-2.15.3.jar:/Users/shubhamtunwal/.m2/repository/com/fasterxml/jackson/module/jackson-module-parameter-names/2.15.3/jackson-module-parameter-names-2.15.3.jar:/Users/shubhamtunwal/.m2/repository/org/springframework/boot/spring-boot-starter-tomcat/3.2.0/spring-boot-starter-tomcat-3.2.0.jar:/Users/shubhamtunwal/.m2/repository/org/apache/tomcat/embed/tomcat-embed-core/10.1.16/tomcat-embed-core-10.1.16.jar:/Users/shubhamtunwal/.m2/repository/org/apache/tomcat/embed/tomcat-embed-el/10.1.16/tomcat-embed-el-10.1.16.jar:/Users/shubhamtunwal/.m2/repository/org/apache/tomcat/embed/tomcat-embed-websocket/10.1.16/tomcat-embed-websocket-10.1.16.jar:/Users/shubhamtunwal/.m2/repository/org/springframework/spring-web/6.1.1/spring-web-6.1.1.jar:/Users/shubhamtunwal/.m2/repository/org/springframework/spring-beans/6.1.1/spring-beans-6.1.1.jar:/Users/shubhamtunwal/.m2/repository/io/micrometer/micrometer-observation/1.12.0/micrometer-observation-1.12.0.jar:/Users/shubhamtunwal/.m2/repository/io/micrometer/micrometer-commons/1.12.0/micrometer-commons-1.12.0.jar:/Users/shubhamtunwal/.m2/repository/org/springframework/spring-webmvc/6.1.1/spring-webmvc-6.1.1.jar:/Users/shubhamtunwal/.m2/repository/org/springframework/spring-aop/6.1.1/spring-aop-6.1.1.jar:/Users/shubhamtunwal/.m2/repository/org/springframework/spring-context/6.1.1/spring-context-6.1.1.jar:/Users/shubhamtunwal/.m2/repository/org/springframework/spring-expression/6.1.1/spring-expression-6.1.1.jar:/Users/shubhamtunwal/.m2/repository/org/springframework/boot/spring-boot-starter-test/3.2.0/spring-boot-starter-test-3.2.0.jar:/Users/shubhamtunwal/.m2/repository/org/springframework/boot/spring-boot-test/3.2.0/spring-boot-test-3.2.0.jar:/Users/shubhamtunwal/.m2/repository/org/springframework/boot/spring-boot-test-autoconfigure/3.2.0/spring-boot-test-autoconfigure-3.2.0.jar:/Users/shubhamtunwal/.m2/repository/com/jayway/jsonpath/json-path/2.8.0/json-path-2.8.0.jar:/Users/shubhamtunwal/.m2/repository/org/slf4j/slf4j-api/2.0.9/slf4j-api-2.0.9.jar:/Users/shubhamtunwal/.m2/repository/jakarta/xml/bind/jakarta.xml.bind-api/4.0.1/jakarta.xml.bind-api-4.0.1.jar:/Users/shubhamtunwal/.m2/repository/jakarta/activation/jakarta.activation-api/2.1.2/jakarta.activation-api-2.1.2.jar:/Users/shubhamtunwal/.m2/repository/net/minidev/json-smart/2.5.0/json-smart-2.5.0.jar:/Users/shubhamtunwal/.m2/repository/net/minidev/accessors-smart/2.5.0/accessors-smart-2.5.0.jar:/Users/shubhamtunwal/.m2/repository/org/ow2/asm/asm/9.3/asm-9.3.jar:/Users/shubhamtunwal/.m2/repository/org/assertj/assertj-core/3.24.2/assertj-core-3.24.2.jar:/Users/shubhamtunwal/.m2/repository/net/bytebuddy/byte-buddy/1.14.10/byte-buddy-1.14.10.jar:/Users/shubhamtunwal/.m2/repository/org/awaitility/awaitility/4.2.0/awaitility-4.2.0.jar:/Users/shubhamtunwal/.m2/repository/org/hamcrest/hamcrest/2.2/hamcrest-2.2.jar:/Users/shubhamtunwal/.m2/repository/org/junit/jupiter/junit-jupiter/5.10.1/junit-jupiter-5.10.1.jar:/Users/shubhamtunwal/.m2/repository/org/junit/jupiter/junit-jupiter-api/5.10.1/junit-jupiter-api-5.10.1.jar:/Users/shubhamtunwal/.m2/repository/org/opentest4j/opentest4j/1.3.0/opentest4j-1.3.0.jar:/Users/shubhamtunwal/.m2/repository/org/junit/platform/junit-platform-commons/1.10.1/junit-platform-commons-1.10.1.jar:/Users/shubhamtunwal/.m2/repository/org/apiguardian/apiguardian-api/1.1.2/apiguardian-api-1.1.2.jar:/Users/shubhamtunwal/.m2/repository/org/junit/jupiter/junit-jupiter-params/5.10.1/junit-jupiter-params-5.10.1.jar:/Users/shubhamtunwal/.m2/repository/org/junit/jupiter/junit-jupiter-engine/5.10.1/junit-jupiter-engine-5.10.1.jar:/Users/shubhamtunwal/.m2/repository/org/junit/platform/junit-platform-engine/1.10.1/junit-platform-engine-1.10.1.jar:/Users/shubhamtunwal/.m2/repository/org/mockito/mockito-core/5.7.0/mockito-core-5.7.0.jar:/Users/shubhamtunwal/.m2/repository/net/bytebuddy/byte-buddy-agent/1.14.10/byte-buddy-agent-1.14.10.jar:/Users/shubhamtunwal/.m2/repository/org/objenesis/objenesis/3.3/objenesis-3.3.jar:/Users/shubhamtunwal/.m2/repository/org/mockito/mockito-junit-jupiter/5.7.0/mockito-junit-jupiter-5.7.0.jar:/Users/shubhamtunwal/.m2/repository/org/skyscreamer/jsonassert/1.5.1/jsonassert-1.5.1.jar:/Users/shubhamtunwal/.m2/repository/com/vaadin/external/google/android-json/0.0.20131108.vaadin1/android-json-0.0.20131108.vaadin1.jar:/Users/shubhamtunwal/.m2/repository/org/springframework/spring-core/6.1.1/spring-core-6.1.1.jar:/Users/shubhamtunwal/.m2/repository/org/springframework/spring-jcl/6.1.1/spring-jcl-6.1.1.jar:/Users/shubhamtunwal/.m2/repository/org/springframework/spring-test/6.1.1/spring-test-6.1.1.jar:/Users/shubhamtunwal/.m2/repository/org/xmlunit/xmlunit-core/2.9.1/xmlunit-core-2.9.1.jar:/Users/shubhamtunwal/.m2/repository/com/opencsv/opencsv/5.9/opencsv-5.9.jar:/Users/shubhamtunwal/.m2/repository/org/apache/commons/commons-lang3/3.13.0/commons-lang3-3.13.0.jar:/Users/shubhamtunwal/.m2/repository/org/apache/commons/commons-text/1.11.0/commons-text-1.11.0.jar:/Users/shubhamtunwal/.m2/repository/commons-beanutils/commons-beanutils/1.9.4/commons-beanutils-1.9.4.jar:/Users/shubhamtunwal/.m2/repository/commons-logging/commons-logging/1.2/commons-logging-1.2.jar:/Users/shubhamtunwal/.m2/repository/commons-collections/commons-collections/3.2.2/commons-collections-3.2.2.jar:/Users/shubhamtunwal/.m2/repository/org/apache/commons/commons-collections4/4.4/commons-collections4-4.4.jar:"/>
    <property name="sun.cpu.endian" value="little"/>
    <property name="user.home" value="/Users/shubhamtunwal"/>
    <property name="user.language" value="en"/>
    <property name="java.specification.vendor" value="Oracle Corporation"/>
    <property name="java.version.date" value="2024-04-16"/>
    <property name="java.home" value="/Users/shubhamtunwal/.sdkman/candidates/java/17.0.11-tem"/>
    <property name="file.separator" value="/"/>
    <property name="basedir" value="/Users/shubhamtunwal/Documents/Projects/Assecor"/>
    <property name="java.vm.compressedOopsMode" value="Zero based"/>
    <property name="line.separator" value="&#10;"/>
    <property name="java.vm.specification.vendor" value="Oracle Corporation"/>
    <property name="java.specification.name" value="Java Platform API Specification"/>
    <property name="FILE_LOG_CHARSET" value="UTF-8"/>
    <property name="java.awt.headless" value="true"/>
    <property name="surefire.real.class.path" value="/Users/shubhamtunwal/Documents/Projects/Assecor/target/surefire/surefirebooter-20250927220859057_3.jar"/>
    <property name="sun.management.compiler" value="HotSpot 64-Bit Tiered Compilers"/>
    <property name="ftp.nonProxyHosts" value="local|*.local|169.254/16|*.169.254/16"/>
    <property name="java.runtime.version" value="17.0.11+9"/>
    <property name="user.name" value="shubhamtunwal"/>
    <property name="path.separator" value=":"/>
    <property name="os.version" value="12.7.6"/>
    <property name="java.runtime.name" value="OpenJDK Runtime Environment"/>
    <property name="file.encoding" value="UTF-8"/>
    <property name="java.vm.name" value="OpenJDK 64-Bit Server VM"/>
    <property name="java.vendor.version" value="Temurin-17.0.11+9"/>
    <property name="localRepository" value="/Users/shubhamtunwal/.m2/repository"/>
    <property name="java.vendor.url.bug" value="https://github.com/adoptium/adoptium-support/issues"/>
    <property name="java.io.tmpdir" value="/var/folders/9r/0kp0thn11kldw8psd7dyntkh0000gp/T/"/>
    <property name="catalina.home" value="/private/var/folders/9r/0kp0thn11kldw8psd7dyntkh0000gp/T/tomcat.0.13874526113935367106"/>
    <property name="java.version" value="17.0.11"/>
    <property name="user.dir" value="/Users/shubhamtunwal/Documents/Projects/Assecor"/>
    <property name="os.arch" value="x86_64"/>
    <property name="java.vm.specification.name" value="Java Virtual Machine Specification"/>
    <property name="PID" value="28846"/>
    <property name="CONSOLE_LOG_CHARSET" value="UTF-8"/>
    <property name="catalina.base" value="/private/var/folders/9r/0kp0thn11kldw8psd7dyntkh0000gp/T/tomcat.0.13874526113935367106"/>
    <property name="native.encoding" value="UTF-8"/>
    <property name="java.library.path" value="/Users/shubhamtunwal/Library/Java/Extensions:/Library/Java/Extensions:/Network/Library/Java/Extensions:/System/Library/Java/Extensions:/usr/lib/java:."/>
    <property name="java.vm.info" value="mixed mode"/>
    <property name="java.vendor" value="Eclipse Adoptium"/>
    <property name="java.vm.version" value="17.0.11+9"/>
    <property name="sun.io.unicode.encoding" value="UnicodeBig"/>
    <property name="socksNonProxyHosts" value="local|*.local|169.254/16|*.169.254/16"/>
    <property name="java.class.version" value="61.0"/>
    <property name="LOGGED_APPLICATION_NAME" value="[assecor-assessment-test] "/>
  </properties>
  <testcase name="getPersonsByColor_ShouldReturnPersonsWithSpecificColor" classname="com.assecor.assessment.controller.PersonControllerTest" time="0.348">
    <system-out><![CDATA[2025-09-27T22:09:06.928+02:00  INFO 28846 --- [assecor-assessment-test] [           main] t.c.s.AnnotationConfigContextLoaderUtils : Could not detect default configuration classes for test class [com.assecor.assessment.controller.PersonControllerTest]: PersonControllerTest does not declare any static, non-private, non-final, nested classes annotated with @Configuration.
2025-09-27T22:09:07.013+02:00  INFO 28846 --- [assecor-assessment-test] [           main] .b.t.c.SpringBootTestContextBootstrapper : Found @SpringBootConfiguration com.assecor.assessment.AssessmentApplication for test class com.assecor.assessment.controller.PersonControllerTest

  .   ____          _            __ _ _
 /\\ / ___'_ __ _ _(_)_ __  __ _ \ \ \ \
( ( )\___ | '_ | '_| | '_ \/ _` | \ \ \ \
 \\/  ___)| |_)| | | | | || (_| |  ) ) ) )
  '  |____| .__|_| |_|_| |_\__, | / / / /
 =========|_|==============|___/=/_/_/_/
 :: Spring Boot ::                (v3.2.0)

2025-09-27T22:09:07.132+02:00  INFO 28846 --- [assecor-assessment-test] [           main] c.a.a.controller.PersonControllerTest    : Starting PersonControllerTest using Java 17.0.11 with PID 28846 (started by shubhamtunwal in /Users/shubhamtunwal/Documents/Projects/Assecor)
2025-09-27T22:09:07.132+02:00  INFO 28846 --- [assecor-assessment-test] [           main] c.a.a.controller.PersonControllerTest    : No active profile set, falling back to 1 default profile: "default"
2025-09-27T22:09:07.136+02:00 DEBUG 28846 --- [assecor-assessment-test] [           main] o.s.w.c.s.GenericWebApplicationContext   : Refreshing org.springframework.web.context.support.GenericWebApplicationContext@3d8d52be
2025-09-27T22:09:07.996+02:00 DEBUG 28846 --- [assecor-assessment-test] [           main] s.w.s.m.m.a.RequestMappingHandlerMapping : 6 mappings in 'requestMappingHandlerMapping'
2025-09-27T22:09:08.148+02:00 DEBUG 28846 --- [assecor-assessment-test] [           main] o.s.w.s.handler.SimpleUrlHandlerMapping  : Patterns [/webjars/**, /**] in 'resourceHandlerMapping'
2025-09-27T22:09:08.164+02:00 DEBUG 28846 --- [assecor-assessment-test] [           main] s.w.s.m.m.a.RequestMappingHandlerAdapter : ControllerAdvice beans: 0 @ModelAttribute, 0 @InitBinder, 1 RequestBodyAdvice, 1 ResponseBodyAdvice
2025-09-27T22:09:08.173+02:00 DEBUG 28846 --- [assecor-assessment-test] [           main] .m.m.a.ExceptionHandlerExceptionResolver : ControllerAdvice beans: 0 @ExceptionHandler, 1 ResponseBodyAdvice
2025-09-27T22:09:08.212+02:00  INFO 28846 --- [assecor-assessment-test] [           main] o.s.b.t.m.w.SpringBootMockServletContext : Initializing Spring TestDispatcherServlet ''
2025-09-27T22:09:08.212+02:00  INFO 28846 --- [assecor-assessment-test] [           main] o.s.t.web.servlet.TestDispatcherServlet  : Initializing Servlet ''
2025-09-27T22:09:08.214+02:00  INFO 28846 --- [assecor-assessment-test] [           main] o.s.t.web.servlet.TestDispatcherServlet  : Completed initialization in 1 ms
2025-09-27T22:09:08.240+02:00  INFO 28846 --- [assecor-assessment-test] [           main] c.a.a.controller.PersonControllerTest    : Started PersonControllerTest in 1.214 seconds (process running for 8.964)
2025-09-27T22:09:08.333+02:00 DEBUG 28846 --- [assecor-assessment-test] [           main] s.w.s.m.m.a.RequestMappingHandlerMapping : Mapped to com.assecor.assessment.controller.PersonController#getPersonsByColor(String)
2025-09-27T22:09:08.355+02:00 DEBUG 28846 --- [assecor-assessment-test] [           main] o.s.w.s.m.m.a.HttpEntityMethodProcessor  : Using 'application/json', given [*/*] and supported [application/json, application/*+json]
2025-09-27T22:09:08.356+02:00 DEBUG 28846 --- [assecor-assessment-test] [           main] o.s.w.s.m.m.a.HttpEntityMethodProcessor  : Writing [[com.assecor.assessment.model.Person@3f908bc0]]
]]></system-out>
  </testcase>
  <testcase name="createPerson_ShouldCreateAndReturnNewPerson" classname="com.assecor.assessment.controller.PersonControllerTest" time="0.169">
    <system-out><![CDATA[2025-09-27T22:09:08.624+02:00 DEBUG 28846 --- [assecor-assessment-test] [           main] s.w.s.m.m.a.RequestMappingHandlerMapping : Mapped to com.assecor.assessment.controller.PersonController#createPerson(Person)
2025-09-27T22:09:08.763+02:00 DEBUG 28846 --- [assecor-assessment-test] [           main] m.m.a.RequestResponseBodyMethodProcessor : Read "application/json;charset=UTF-8" to [com.assecor.assessment.model.Person@6e9f8160]
2025-09-27T22:09:08.770+02:00 DEBUG 28846 --- [assecor-assessment-test] [           main] o.s.w.s.m.m.a.HttpEntityMethodProcessor  : Using 'application/json', given [*/*] and supported [application/json, application/*+json]
2025-09-27T22:09:08.771+02:00 DEBUG 28846 --- [assecor-assessment-test] [           main] o.s.w.s.m.m.a.HttpEntityMethodProcessor  : Writing [com.assecor.assessment.model.Person@16ef1160]
]]></system-out>
  </testcase>
  <testcase name="getPersonsByColor_WhenNoPersonsWithColor_ShouldReturnEmptyList" classname="com.assecor.assessment.controller.PersonControllerTest" time="0.018">
    <system-out><![CDATA[2025-09-27T22:09:08.793+02:00 DEBUG 28846 --- [assecor-assessment-test] [           main] s.w.s.m.m.a.RequestMappingHandlerMapping : Mapped to com.assecor.assessment.controller.PersonController#getPersonsByColor(String)
2025-09-27T22:09:08.794+02:00 DEBUG 28846 --- [assecor-assessment-test] [           main] o.s.w.s.m.m.a.HttpEntityMethodProcessor  : Using 'application/json', given [*/*] and supported [application/json, application/*+json]
2025-09-27T22:09:08.795+02:00 DEBUG 28846 --- [assecor-assessment-test] [           main] o.s.w.s.m.m.a.HttpEntityMethodProcessor  : Writing [[]]
]]></system-out>
  </testcase>
  <testcase name="getPersonById_WhenPersonExists_ShouldReturnPerson" classname="com.assecor.assessment.controller.PersonControllerTest" time="0.02">
    <system-out><![CDATA[2025-09-27T22:09:08.815+02:00 DEBUG 28846 --- [assecor-assessment-test] [           main] s.w.s.m.m.a.RequestMappingHandlerMapping : Mapped to com.assecor.assessment.controller.PersonController#getPersonById(Long)
2025-09-27T22:09:08.818+02:00 DEBUG 28846 --- [assecor-assessment-test] [           main] o.s.w.s.m.m.a.HttpEntityMethodProcessor  : Using 'application/json', given [*/*] and supported [application/json, application/*+json]
2025-09-27T22:09:08.819+02:00 DEBUG 28846 --- [assecor-assessment-test] [           main] o.s.w.s.m.m.a.HttpEntityMethodProcessor  : Writing [com.assecor.assessment.model.Person@5f9a8ddc]
]]></system-out>
  </testcase>
  <testcase name="getAllPersons_ShouldReturnListOfPersons" classname="com.assecor.assessment.controller.PersonControllerTest" time="0.023">
    <system-out><![CDATA[2025-09-27T22:09:08.843+02:00 DEBUG 28846 --- [assecor-assessment-test] [           main] s.w.s.m.m.a.RequestMappingHandlerMapping : Mapped to com.assecor.assessment.controller.PersonController#getAllPersons()
2025-09-27T22:09:08.844+02:00 DEBUG 28846 --- [assecor-assessment-test] [           main] o.s.w.s.m.m.a.HttpEntityMethodProcessor  : Using 'application/json', given [*/*] and supported [application/json, application/*+json]
2025-09-27T22:09:08.845+02:00 DEBUG 28846 --- [assecor-assessment-test] [           main] o.s.w.s.m.m.a.HttpEntityMethodProcessor  : Writing [[com.assecor.assessment.model.Person@45790cb, com.assecor.assessment.model.Person@73a5d86c, com.asse (truncated)...]
]]></system-out>
  </testcase>
  <testcase name="getPersonById_WhenPersonDoesNotExist_ShouldReturnNotFound" classname="com.assecor.assessment.controller.PersonControllerTest" time="0.009">
    <system-out><![CDATA[2025-09-27T22:09:08.865+02:00 DEBUG 28846 --- [assecor-assessment-test] [           main] s.w.s.m.m.a.RequestMappingHandlerMapping : Mapped to com.assecor.assessment.controller.PersonController#getPersonById(Long)
2025-09-27T22:09:08.866+02:00 DEBUG 28846 --- [assecor-assessment-test] [           main] o.s.w.s.m.m.a.HttpEntityMethodProcessor  : Using 'application/json', given [*/*] and supported [application/json, application/*+json]
2025-09-27T22:09:08.866+02:00 DEBUG 28846 --- [assecor-assessment-test] [           main] o.s.w.s.m.m.a.HttpEntityMethodProcessor  : Nothing to write: null body
]]></system-out>
  </testcase>
</testsuite>